<?xml version="1.0" encoding="UTF-8"?>
<!-- Generated by org.testng.reporters.JUnitReportReporter -->
<testsuite hostname="PF25X3PS" failures="0" tests="2" name="FlightBooking.EndToEndTest" time="7.169" errors="0" timestamp="2022-01-12T15:51:42 IST" skipped="0">
  <testcase classname="FlightBooking.EndToEndTest" name="homePageTest" time="6.439"/>
  <system-out/>
  <testcase classname="FlightBooking.EndToEndTest" name="chooseFlightTest" time="0.730"/>
  <system-out/>
</testsuite> <!-- FlightBooking.EndToEndTest -->
