<?xml version="1.0" encoding="UTF-8"?>
<!-- Generated by org.testng.reporters.JUnitReportReporter -->
<testsuite hostname="PF25X3PS" failures="0" tests="1" name="FlightBooking.HomePageTest" time="6.142" errors="0" timestamp="2022-01-12T12:38:12 IST" skipped="0">
  <testcase classname="FlightBooking.HomePageTest" name="homePageTest" time="6.142"/>
  <system-out/>
</testsuite> <!-- FlightBooking.HomePageTest -->
