<?xml version="1.0" encoding="UTF-8"?>
<!-- Generated by org.testng.reporters.JUnitReportReporter -->
<testsuite hostname="PF25X3PS" failures="0" tests="4" name="FlightBooking.EndToEndTest" time="9.429" errors="0" timestamp="2022-01-12T17:19:55 IST" skipped="0">
  <testcase classname="FlightBooking.EndToEndTest" name="homePageTest" time="5.658"/>
  <system-out/>
  <testcase classname="FlightBooking.EndToEndTest" name="chooseFlightTest" time="1.646"/>
  <system-out/>
  <testcase classname="FlightBooking.EndToEndTest" name="enterBookingDetails" time="1.944"/>
  <system-out/>
  <testcase classname="FlightBooking.EndToEndTest" name="confirmBooking" time="0.181"/>
  <system-out/>
</testsuite> <!-- FlightBooking.EndToEndTest -->
