<?xml version="1.0" encoding="UTF-8"?>
<!-- Generated by org.testng.reporters.JUnitReportReporter -->
<testsuite hostname="PF25X3PS" failures="0" tests="4" name="FlightBooking.EndToEndTest" time="7.823" errors="0" timestamp="2022-01-12T17:17:47 IST" skipped="0">
  <testcase classname="FlightBooking.EndToEndTest" name="homePageTest" time="5.235"/>
  <system-out/>
  <testcase classname="FlightBooking.EndToEndTest" name="chooseFlightTest" time="0.804"/>
  <system-out/>
  <testcase classname="FlightBooking.EndToEndTest" name="enterBookingDetails" time="1.555"/>
  <system-out/>
  <testcase classname="FlightBooking.EndToEndTest" name="confirmBooking" time="0.229"/>
  <system-out/>
</testsuite> <!-- FlightBooking.EndToEndTest -->
