<?xml version="1.0" encoding="UTF-8"?>
<!-- Generated by org.testng.reporters.JUnitReportReporter -->
<testsuite hostname="PF25X3PS" failures="0" tests="3" name="FlightBooking.EndToEndTest" time="9.013" errors="0" timestamp="2022-01-12T16:53:24 IST" skipped="0">
  <testcase classname="FlightBooking.EndToEndTest" name="homePageTest" time="6.983"/>
  <system-out/>
  <testcase classname="FlightBooking.EndToEndTest" name="chooseFlightTest" time="0.682"/>
  <system-out/>
  <testcase classname="FlightBooking.EndToEndTest" name="enterBookingDetails" time="1.348"/>
  <system-out/>
</testsuite> <!-- FlightBooking.EndToEndTest -->
